<?xml version="1.0" encoding="UTF-8"?>
<!-- Generated by org.testng.reporters.JUnitXMLReporter -->
<testsuite ignored="0" hostname="LAPTOP-PQ7IP8FG" failures="2" tests="5" name="submit order Test" time="18.887" errors="0" timestamp="2025-01-18T11:02:36 IST">
  <testcase classname="saloni.projectfarmework.submitordertest" name="submitOrder" time="0.921">
    <skipped/>
  </testcase> <!-- submitOrder -->
  <testcase classname="saloni.projectfarmework.submitordertest" name="submitOrder" time="0.863">
    <failure type="java.lang.NullPointerException" message="Cannot invoke &amp;quot;org.openqa.selenium.WebElement.findElement(org.openqa.selenium.By)&amp;quot; because &amp;quot;prod&amp;quot; is null">
      <![CDATA[java.lang.NullPointerException: Cannot invoke "org.openqa.selenium.WebElement.findElement(org.openqa.selenium.By)" because "prod" is null
at saloni.projectfarmework.product.addproducttocart(product.java:76)
at saloni.projectfarmework.submitordertest.submitOrder(submitordertest.java:30)
at java.base/java.util.ArrayList.forEach(ArrayList.java:1511)
at java.base/java.util.concurrent.FutureTask.run(FutureTask.java:264)
at java.base/java.util.concurrent.ThreadPoolExecutor.runWorker(ThreadPoolExecutor.java:1136)
at java.base/java.util.concurrent.ThreadPoolExecutor$Worker.run(ThreadPoolExecutor.java:635)
at java.base/java.lang.Thread.run(Thread.java:833)
... Removed 17 stack frames]]>
    </failure>
  </testcase> <!-- submitOrder -->
  <testcase classname="saloni.projectfarmework.submitordertest" name="submitOrder" time="0.837">
    <skipped/>
  </testcase> <!-- submitOrder -->
  <testcase classname="saloni.projectfarmework.submitordertest" name="submitOrder" time="0.872">
    <failure type="java.lang.NullPointerException" message="Cannot invoke &amp;quot;org.openqa.selenium.WebElement.findElement(org.openqa.selenium.By)&amp;quot; because &amp;quot;prod&amp;quot; is null">
      <![CDATA[java.lang.NullPointerException: Cannot invoke "org.openqa.selenium.WebElement.findElement(org.openqa.selenium.By)" because "prod" is null
at saloni.projectfarmework.product.addproducttocart(product.java:76)
at saloni.projectfarmework.submitordertest.submitOrder(submitordertest.java:30)
at java.base/java.util.ArrayList.forEach(ArrayList.java:1511)
at java.base/java.util.concurrent.FutureTask.run(FutureTask.java:264)
at java.base/java.util.concurrent.ThreadPoolExecutor.runWorker(ThreadPoolExecutor.java:1136)
at java.base/java.util.concurrent.ThreadPoolExecutor$Worker.run(ThreadPoolExecutor.java:635)
at java.base/java.lang.Thread.run(Thread.java:833)
... Removed 17 stack frames]]>
    </failure>
  </testcase> <!-- submitOrder -->
  <testcase classname="saloni.projectfarmework.submitordertest" name="orderhistorytest" time="0.0">
    <skipped/>
  </testcase> <!-- orderhistorytest -->
</testsuite> <!-- submit order Test -->
