<?xml version="1.0" encoding="UTF-8"?>
<testng-results retried="1" ignored="1" total="8" passed="6" failed="0" skipped="0">
  <reporter-output>
  </reporter-output>
  <suite started-at="2025-04-12T15:38:49 IST" name="Suite" finished-at="2025-04-12T15:39:08 IST" duration-ms="19345">
    <groups>
      <group name="ErrorHandling">
        <method signature="ErrorValidations.errorlogin()[pri:0, instance:saloni.projectfarmework.ErrorValidations@1cb346ea]" name="errorlogin" class="saloni.projectfarmework.ErrorValidations"/>
      </group> <!-- ErrorHandling -->
      <group name="purchase">
        <method signature="submitordertest.submitOrder(java.util.HashMap)[pri:0, instance:saloni.projectfarmework.submitordertest@33f676f6]" name="submitOrder" class="saloni.projectfarmework.submitordertest"/>
        <method signature="submitordertest.orderhistorytest(java.util.HashMap)[pri:0, instance:saloni.projectfarmework.submitordertest@33f676f6]" name="orderhistorytest" class="saloni.projectfarmework.submitordertest"/>
      </group> <!-- purchase -->
    </groups>
    <test started-at="2025-04-12T15:38:49 IST" name="ErrorValidations" finished-at="2025-04-12T15:39:08 IST" duration-ms="18800">
      <class name="saloni.projectfarmework.ErrorValidations">
        <test-method is-config="true" signature="launchApplication()[pri:0, instance:saloni.projectfarmework.ErrorValidations@1cb346ea]" started-at="2025-04-12T15:38:49 IST" name="launchApplication" finished-at="2025-04-12T15:38:53 IST" duration-ms="4340" status="PASS">
          <reporter-output>
          </reporter-output>
        </test-method> <!-- launchApplication -->
        <test-method signature="errorlogin()[pri:0, instance:saloni.projectfarmework.ErrorValidations@1cb346ea]" started-at="2025-04-12T15:38:53 IST" name="errorlogin" finished-at="2025-04-12T15:38:54 IST" duration-ms="445" status="PASS">
          <reporter-output>
          </reporter-output>
        </test-method> <!-- errorlogin -->
        <test-method is-config="true" signature="teardown()[pri:0, instance:saloni.projectfarmework.ErrorValidations@1cb346ea]" started-at="2025-04-12T15:38:54 IST" name="teardown" finished-at="2025-04-12T15:38:54 IST" duration-ms="115" status="PASS">
          <reporter-output>
          </reporter-output>
        </test-method> <!-- teardown -->
        <test-method is-config="true" signature="launchApplication()[pri:0, instance:saloni.projectfarmework.ErrorValidations@1cb346ea]" started-at="2025-04-12T15:38:54 IST" name="launchApplication" finished-at="2025-04-12T15:38:56 IST" duration-ms="2051" status="PASS">
          <reporter-output>
          </reporter-output>
        </test-method> <!-- launchApplication -->
        <test-method retried="true" signature="errorproduct()[pri:0, instance:saloni.projectfarmework.ErrorValidations@1cb346ea]" started-at="2025-04-12T15:38:56 IST" name="errorproduct" finished-at="2025-04-12T15:39:03 IST" duration-ms="7161" status="SKIP">
          <exception class="java.lang.AssertionError">
            <message>
              <![CDATA[expected [true] but found [false]]]>
            </message>
            <full-stacktrace>
              <![CDATA[java.lang.AssertionError: expected [true] but found [false]
at org.testng.Assert.fail(Assert.java:111)
at org.testng.Assert.failNotEquals(Assert.java:1578)
at org.testng.Assert.assertTrue(Assert.java:57)
at org.testng.Assert.assertTrue(Assert.java:67)
at saloni.projectfarmework.ErrorValidations.errorproduct(ErrorValidations.java:55)
at java.base/jdk.internal.reflect.NativeMethodAccessorImpl.invoke0(Native Method)
at java.base/jdk.internal.reflect.NativeMethodAccessorImpl.invoke(NativeMethodAccessorImpl.java:77)
at java.base/jdk.internal.reflect.DelegatingMethodAccessorImpl.invoke(DelegatingMethodAccessorImpl.java:43)
at java.base/java.lang.reflect.Method.invoke(Method.java:568)
at org.testng.internal.invokers.MethodInvocationHelper.invokeMethod(MethodInvocationHelper.java:141)
at org.testng.internal.invokers.TestInvoker.invokeMethod(TestInvoker.java:686)
at org.testng.internal.invokers.TestInvoker.invokeTestMethod(TestInvoker.java:230)
at org.testng.internal.invokers.MethodRunner.runInSequence(MethodRunner.java:63)
at org.testng.internal.invokers.TestInvoker$MethodInvocationAgent.invoke(TestInvoker.java:992)
at org.testng.internal.invokers.TestInvoker.invokeTestMethods(TestInvoker.java:203)
at org.testng.internal.invokers.TestMethodWorker.invokeTestMethods(TestMethodWorker.java:154)
at org.testng.internal.invokers.TestMethodWorker.run(TestMethodWorker.java:134)
at java.base/java.util.ArrayList.forEach(ArrayList.java:1511)
at org.testng.TestRunner.privateRun(TestRunner.java:739)
at org.testng.TestRunner.run(TestRunner.java:614)
at org.testng.SuiteRunner.runTest(SuiteRunner.java:421)
at org.testng.SuiteRunner$SuiteWorker.run(SuiteRunner.java:463)
at org.testng.internal.thread.ThreadUtil.lambda$execute$0(ThreadUtil.java:64)
at java.base/java.util.concurrent.FutureTask.run(FutureTask.java:264)
at java.base/java.util.concurrent.ThreadPoolExecutor.runWorker(ThreadPoolExecutor.java:1136)
at java.base/java.util.concurrent.ThreadPoolExecutor$Worker.run(ThreadPoolExecutor.java:635)
at java.base/java.lang.Thread.run(Thread.java:833)
]]>
            </full-stacktrace>
          </exception> <!-- java.lang.AssertionError -->
          <reporter-output>
          </reporter-output>
        </test-method> <!-- errorproduct -->
        <test-method is-config="true" signature="teardown()[pri:0, instance:saloni.projectfarmework.ErrorValidations@1cb346ea]" started-at="2025-04-12T15:39:03 IST" name="teardown" finished-at="2025-04-12T15:39:03 IST" duration-ms="151" status="PASS">
          <reporter-output>
          </reporter-output>
        </test-method> <!-- teardown -->
        <test-method is-config="true" signature="launchApplication()[pri:0, instance:saloni.projectfarmework.ErrorValidations@1cb346ea]" started-at="2025-04-12T15:39:03 IST" name="launchApplication" finished-at="2025-04-12T15:39:05 IST" duration-ms="2071" status="PASS">
          <reporter-output>
          </reporter-output>
        </test-method> <!-- launchApplication -->
        <test-method signature="errorproduct()[pri:0, instance:saloni.projectfarmework.ErrorValidations@1cb346ea]" started-at="2025-04-12T15:39:05 IST" name="errorproduct" finished-at="2025-04-12T15:39:07 IST" duration-ms="2321" status="PASS">
          <reporter-output>
          </reporter-output>
        </test-method> <!-- errorproduct -->
        <test-method is-config="true" signature="teardown()[pri:0, instance:saloni.projectfarmework.ErrorValidations@1cb346ea]" started-at="2025-04-12T15:39:07 IST" name="teardown" finished-at="2025-04-12T15:39:08 IST" duration-ms="74" status="PASS">
          <reporter-output>
          </reporter-output>
        </test-method> <!-- teardown -->
      </class> <!-- saloni.projectfarmework.ErrorValidations -->
    </test> <!-- ErrorValidations -->
    <test started-at="2025-04-12T15:38:49 IST" name="submit order Test" finished-at="2025-04-12T15:39:08 IST" duration-ms="19345">
      <class name="saloni.projectfarmework.submitordertest">
        <test-method is-config="true" signature="launchApplication()[pri:0, instance:saloni.projectfarmework.submitordertest@33f676f6]" started-at="2025-04-12T15:38:49 IST" name="launchApplication" finished-at="2025-04-12T15:38:53 IST" duration-ms="4110" status="PASS">
          <reporter-output>
          </reporter-output>
        </test-method> <!-- launchApplication -->
        <test-method signature="submitOrder(java.util.HashMap)[pri:0, instance:saloni.projectfarmework.submitordertest@33f676f6]" started-at="2025-04-12T15:38:53 IST" name="submitOrder" data-provider="getData" finished-at="2025-04-12T15:38:57 IST" duration-ms="3461" status="PASS">
          <params>
            <param index="0">
              <value>
                <![CDATA[{productname=ZARA COAT 3, password=Iamking@000, email=saloni170899@gmail.com}]]>
              </value>
            </param>
          </params>
          <reporter-output>
          </reporter-output>
        </test-method> <!-- submitOrder -->
        <test-method is-config="true" signature="teardown()[pri:0, instance:saloni.projectfarmework.submitordertest@33f676f6]" started-at="2025-04-12T15:38:57 IST" name="teardown" finished-at="2025-04-12T15:38:57 IST" duration-ms="87" status="PASS">
          <reporter-output>
          </reporter-output>
        </test-method> <!-- teardown -->
        <test-method is-config="true" signature="launchApplication()[pri:0, instance:saloni.projectfarmework.submitordertest@33f676f6]" started-at="2025-04-12T15:38:57 IST" name="launchApplication" finished-at="2025-04-12T15:38:59 IST" duration-ms="2369" status="PASS">
          <reporter-output>
          </reporter-output>
        </test-method> <!-- launchApplication -->
        <test-method signature="submitOrder(java.util.HashMap)[pri:0, instance:saloni.projectfarmework.submitordertest@33f676f6]" started-at="2025-04-12T15:38:59 IST" name="submitOrder" data-provider="getData" finished-at="2025-04-12T15:39:02 IST" duration-ms="3034" status="PASS">
          <params>
            <param index="0">
              <value>
                <![CDATA[{productname=ADIDAS ORIGINAL, password=Iamking@000, email=saloni1799@gmail.com}]]>
              </value>
            </param>
          </params>
          <reporter-output>
          </reporter-output>
        </test-method> <!-- submitOrder -->
        <test-method is-config="true" signature="teardown()[pri:0, instance:saloni.projectfarmework.submitordertest@33f676f6]" started-at="2025-04-12T15:39:02 IST" name="teardown" finished-at="2025-04-12T15:39:02 IST" duration-ms="186" status="PASS">
          <reporter-output>
          </reporter-output>
        </test-method> <!-- teardown -->
        <test-method is-config="true" signature="launchApplication()[pri:0, instance:saloni.projectfarmework.submitordertest@33f676f6]" started-at="2025-04-12T15:39:02 IST" name="launchApplication" finished-at="2025-04-12T15:39:04 IST" duration-ms="2106" status="PASS">
          <reporter-output>
          </reporter-output>
        </test-method> <!-- launchApplication -->
        <test-method signature="orderhistorytest(java.util.HashMap)[pri:0, instance:saloni.projectfarmework.submitordertest@33f676f6]" started-at="2025-04-12T15:39:04 IST" name="orderhistorytest" data-provider="getData" finished-at="2025-04-12T15:39:05 IST" depends-on-methods="saloni.projectfarmework.submitordertest.submitOrder" duration-ms="676" status="PASS">
          <params>
            <param index="0">
              <value>
                <![CDATA[{productname=ZARA COAT 3, password=Iamking@000, email=saloni170899@gmail.com}]]>
              </value>
            </param>
          </params>
          <reporter-output>
          </reporter-output>
        </test-method> <!-- orderhistorytest -->
        <test-method is-config="true" signature="teardown()[pri:0, instance:saloni.projectfarmework.submitordertest@33f676f6]" started-at="2025-04-12T15:39:05 IST" name="teardown" finished-at="2025-04-12T15:39:05 IST" duration-ms="108" status="PASS">
          <reporter-output>
          </reporter-output>
        </test-method> <!-- teardown -->
        <test-method is-config="true" signature="launchApplication()[pri:0, instance:saloni.projectfarmework.submitordertest@33f676f6]" started-at="2025-04-12T15:39:05 IST" name="launchApplication" finished-at="2025-04-12T15:39:07 IST" duration-ms="1893" status="PASS">
          <reporter-output>
          </reporter-output>
        </test-method> <!-- launchApplication -->
        <test-method signature="orderhistorytest(java.util.HashMap)[pri:0, instance:saloni.projectfarmework.submitordertest@33f676f6]" started-at="2025-04-12T15:39:07 IST" name="orderhistorytest" data-provider="getData" finished-at="2025-04-12T15:39:08 IST" depends-on-methods="saloni.projectfarmework.submitordertest.submitOrder" duration-ms="833" status="PASS">
          <params>
            <param index="0">
              <value>
                <![CDATA[{productname=ADIDAS ORIGINAL, password=Iamking@000, email=saloni1799@gmail.com}]]>
              </value>
            </param>
          </params>
          <reporter-output>
          </reporter-output>
        </test-method> <!-- orderhistorytest -->
        <test-method is-config="true" signature="teardown()[pri:0, instance:saloni.projectfarmework.submitordertest@33f676f6]" started-at="2025-04-12T15:39:08 IST" name="teardown" finished-at="2025-04-12T15:39:08 IST" duration-ms="138" status="PASS">
          <reporter-output>
          </reporter-output>
        </test-method> <!-- teardown -->
      </class> <!-- saloni.projectfarmework.submitordertest -->
    </test> <!-- submit order Test -->
  </suite> <!-- Suite -->
</testng-results>
